app/build/intermediates/manifest_merge_blame_file/debug/manifest-merger-blame-debug-report.txt
1<?xml version="1.0" encoding="utf-8"?>
2<manifest xmlns:android="http://schemas.android.com/apk/res/android"
3    package="com.printxpress.app"
4    android:versionCode="1"
5    android:versionName="1.0" >
6
7    <uses-sdk
8        android:minSdkVersion="24"
9        android:targetSdkVersion="34" />
10
11    <uses-permission android:name="android.permission.INTERNET" />
11-->src/main/AndroidManifest.xml:5:5-67
11-->src/main/AndroidManifest.xml:5:22-64
12    <uses-permission
12-->src/main/AndroidManifest.xml:6:5-8:40
13        android:name="android.permission.READ_EXTERNAL_STORAGE"
13-->src/main/AndroidManifest.xml:6:22-77
14        android:maxSdkVersion="32" />
14-->src/main/AndroidManifest.xml:7:9-35
15    <uses-permission android:name="android.permission.READ_MEDIA_IMAGES" />
15-->src/main/AndroidManifest.xml:9:5-76
15-->src/main/AndroidManifest.xml:9:22-73
16
17    <permission
17-->[androidx.core:core:1.12.0] AndroidManifest.xml:22:5-24:47
18        android:name="com.printxpress.app.DYNAMIC_RECEIVER_NOT_EXPORTED_PERMISSION"
18-->[androidx.core:core:1.12.0] AndroidManifest.xml:23:9-81
19        android:protectionLevel="signature" />
19-->[androidx.core:core:1.12.0] AndroidManifest.xml:24:9-44
20
21    <uses-permission android:name="com.printxpress.app.DYNAMIC_RECEIVER_NOT_EXPORTED_PERMISSION" />
21-->[androidx.core:core:1.12.0] AndroidManifest.xml:26:5-97
21-->[androidx.core:core:1.12.0] AndroidManifest.xml:26:22-94
22
23    <application
23-->src/main/AndroidManifest.xml:11:5-58:19
24        android:allowBackup="true"
24-->src/main/AndroidManifest.xml:12:9-35
25        android:appComponentFactory="androidx.core.app.CoreComponentFactory"
25-->[androidx.core:core:1.12.0] AndroidManifest.xml:28:18-86
26        android:dataExtractionRules="@xml/data_extraction_rules"
26-->src/main/AndroidManifest.xml:13:9-65
27        android:debuggable="true"
28        android:extractNativeLibs="false"
29        android:fullBackupContent="@xml/backup_rules"
29-->src/main/AndroidManifest.xml:14:9-54
30        android:icon="@mipmap/ic_launcher"
30-->src/main/AndroidManifest.xml:15:9-43
31        android:label="@string/app_name"
31-->src/main/AndroidManifest.xml:16:9-41
32        android:roundIcon="@mipmap/ic_launcher_round"
32-->src/main/AndroidManifest.xml:17:9-54
33        android:supportsRtl="true"
33-->src/main/AndroidManifest.xml:18:9-35
34        android:theme="@style/Theme.PrintXpress" >
34-->src/main/AndroidManifest.xml:19:9-49
35        <activity
35-->src/main/AndroidManifest.xml:22:9-30:20
36            android:name="com.printxpress.app.SplashActivity"
36-->src/main/AndroidManifest.xml:23:13-43
37            android:exported="true"
37-->src/main/AndroidManifest.xml:24:13-36
38            android:theme="@style/Theme.PrintXpress.NoActionBar" >
38-->src/main/AndroidManifest.xml:25:13-65
39            <intent-filter>
39-->src/main/AndroidManifest.xml:26:13-29:29
40                <action android:name="android.intent.action.MAIN" />
40-->src/main/AndroidManifest.xml:27:17-69
40-->src/main/AndroidManifest.xml:27:25-66
41
42                <category android:name="android.intent.category.LAUNCHER" />
42-->src/main/AndroidManifest.xml:28:17-77
42-->src/main/AndroidManifest.xml:28:27-74
43            </intent-filter>
44        </activity>
45        <activity
45-->src/main/AndroidManifest.xml:32:9-33:68
46            android:name="com.printxpress.app.LoginActivity"
46-->src/main/AndroidManifest.xml:32:19-48
47            android:exported="false"
47-->src/main/AndroidManifest.xml:32:49-73
48            android:theme="@style/Theme.PrintXpress.NoActionBar" />
48-->src/main/AndroidManifest.xml:33:13-65
49        <activity
49-->src/main/AndroidManifest.xml:34:9-35:68
50            android:name="com.printxpress.app.RegisterActivity"
50-->src/main/AndroidManifest.xml:34:19-51
51            android:exported="false"
51-->src/main/AndroidManifest.xml:34:52-76
52            android:theme="@style/Theme.PrintXpress.NoActionBar" />
52-->src/main/AndroidManifest.xml:35:13-65
53
54        <!-- Customer -->
55        <activity
55-->src/main/AndroidManifest.xml:38:9-39:68
56            android:name="com.printxpress.app.CustomerHomeActivity"
56-->src/main/AndroidManifest.xml:38:19-55
57            android:exported="false"
57-->src/main/AndroidManifest.xml:38:56-80
58            android:theme="@style/Theme.PrintXpress.NoActionBar" />
58-->src/main/AndroidManifest.xml:39:13-65
59        <activity
59-->src/main/AndroidManifest.xml:40:9-82
60            android:name="com.printxpress.app.ProductListActivity"
60-->src/main/AndroidManifest.xml:40:19-54
61            android:exported="false" />
61-->src/main/AndroidManifest.xml:40:55-79
62        <activity
62-->src/main/AndroidManifest.xml:41:9-84
63            android:name="com.printxpress.app.ProductDetailActivity"
63-->src/main/AndroidManifest.xml:41:19-56
64            android:exported="false" />
64-->src/main/AndroidManifest.xml:41:57-81
65        <activity
65-->src/main/AndroidManifest.xml:42:9-81
66            android:name="com.printxpress.app.PlaceOrderActivity"
66-->src/main/AndroidManifest.xml:42:19-53
67            android:exported="false" />
67-->src/main/AndroidManifest.xml:42:54-78
68        <activity
68-->src/main/AndroidManifest.xml:43:9-79
69            android:name="com.printxpress.app.MyOrdersActivity"
69-->src/main/AndroidManifest.xml:43:19-51
70            android:exported="false" />
70-->src/main/AndroidManifest.xml:43:52-76
71        <activity
71-->src/main/AndroidManifest.xml:44:9-81
72            android:name="com.printxpress.app.PromotionsActivity"
72-->src/main/AndroidManifest.xml:44:19-53
73            android:exported="false" />
73-->src/main/AndroidManifest.xml:44:54-78
74        <activity
74-->src/main/AndroidManifest.xml:45:9-81
75            android:name="com.printxpress.app.GuidelinesActivity"
75-->src/main/AndroidManifest.xml:45:19-53
76            android:exported="false" />
76-->src/main/AndroidManifest.xml:45:54-78
77        <activity
77-->src/main/AndroidManifest.xml:46:9-78
78            android:name="com.printxpress.app.ProfileActivity"
78-->src/main/AndroidManifest.xml:46:19-50
79            android:exported="false" />
79-->src/main/AndroidManifest.xml:46:51-75
80
81        <!-- Admin -->
82        <activity
82-->src/main/AndroidManifest.xml:49:9-50:68
83            android:name="com.printxpress.app.AdminHomeActivity"
83-->src/main/AndroidManifest.xml:49:19-52
84            android:exported="false"
84-->src/main/AndroidManifest.xml:49:53-77
85            android:theme="@style/Theme.PrintXpress.NoActionBar" />
85-->src/main/AndroidManifest.xml:50:13-65
86        <activity
86-->src/main/AndroidManifest.xml:51:9-82
87            android:name="com.printxpress.app.AdminOrdersActivity"
87-->src/main/AndroidManifest.xml:51:19-54
88            android:exported="false" />
88-->src/main/AndroidManifest.xml:51:55-79
89        <activity
89-->src/main/AndroidManifest.xml:52:9-84
90            android:name="com.printxpress.app.AdminProductsActivity"
90-->src/main/AndroidManifest.xml:52:19-56
91            android:exported="false" />
91-->src/main/AndroidManifest.xml:52:57-81
92        <activity
92-->src/main/AndroidManifest.xml:53:9-87
93            android:name="com.printxpress.app.AdminEditProductActivity"
93-->src/main/AndroidManifest.xml:53:19-59
94            android:exported="false" />
94-->src/main/AndroidManifest.xml:53:60-84
95        <activity
95-->src/main/AndroidManifest.xml:54:9-86
96            android:name="com.printxpress.app.AdminPromotionsActivity"
96-->src/main/AndroidManifest.xml:54:19-58
97            android:exported="false" />
97-->src/main/AndroidManifest.xml:54:59-83
98        <activity
98-->src/main/AndroidManifest.xml:55:9-89
99            android:name="com.printxpress.app.AdminEditPromotionActivity"
99-->src/main/AndroidManifest.xml:55:19-61
100            android:exported="false" />
100-->src/main/AndroidManifest.xml:55:62-86
101        <activity
101-->src/main/AndroidManifest.xml:56:9-85
102            android:name="com.printxpress.app.AdminCustomersActivity"
102-->src/main/AndroidManifest.xml:56:19-57
103            android:exported="false" />
103-->src/main/AndroidManifest.xml:56:58-82
104
105        <provider
105-->[androidx.emoji2:emoji2:1.2.0] AndroidManifest.xml:24:9-32:20
106            android:name="androidx.startup.InitializationProvider"
106-->[androidx.emoji2:emoji2:1.2.0] AndroidManifest.xml:25:13-67
107            android:authorities="com.printxpress.app.androidx-startup"
107-->[androidx.emoji2:emoji2:1.2.0] AndroidManifest.xml:26:13-68
108            android:exported="false" >
108-->[androidx.emoji2:emoji2:1.2.0] AndroidManifest.xml:27:13-37
109            <meta-data
109-->[androidx.emoji2:emoji2:1.2.0] AndroidManifest.xml:29:13-31:52
110                android:name="androidx.emoji2.text.EmojiCompatInitializer"
110-->[androidx.emoji2:emoji2:1.2.0] AndroidManifest.xml:30:17-75
111                android:value="androidx.startup" />
111-->[androidx.emoji2:emoji2:1.2.0] AndroidManifest.xml:31:17-49
112            <meta-data
112-->[androidx.lifecycle:lifecycle-process:2.6.1] AndroidManifest.xml:29:13-31:52
113                android:name="androidx.lifecycle.ProcessLifecycleInitializer"
113-->[androidx.lifecycle:lifecycle-process:2.6.1] AndroidManifest.xml:30:17-78
114                android:value="androidx.startup" />
114-->[androidx.lifecycle:lifecycle-process:2.6.1] AndroidManifest.xml:31:17-49
115            <meta-data
115-->[androidx.profileinstaller:profileinstaller:1.3.0] AndroidManifest.xml:29:13-31:52
116                android:name="androidx.profileinstaller.ProfileInstallerInitializer"
116-->[androidx.profileinstaller:profileinstaller:1.3.0] AndroidManifest.xml:30:17-85
117                android:value="androidx.startup" />
117-->[androidx.profileinstaller:profileinstaller:1.3.0] AndroidManifest.xml:31:17-49
118        </provider>
119
120        <receiver
120-->[androidx.profileinstaller:profileinstaller:1.3.0] AndroidManifest.xml:34:9-52:20
121            android:name="androidx.profileinstaller.ProfileInstallReceiver"
121-->[androidx.profileinstaller:profileinstaller:1.3.0] AndroidManifest.xml:35:13-76
122            android:directBootAware="false"
122-->[androidx.profileinstaller:profileinstaller:1.3.0] AndroidManifest.xml:36:13-44
123            android:enabled="true"
123-->[androidx.profileinstaller:profileinstaller:1.3.0] AndroidManifest.xml:37:13-35
124            android:exported="true"
124-->[androidx.profileinstaller:profileinstaller:1.3.0] AndroidManifest.xml:38:13-36
125            android:permission="android.permission.DUMP" >
125-->[androidx.profileinstaller:profileinstaller:1.3.0] AndroidManifest.xml:39:13-57
126            <intent-filter>
126-->[androidx.profileinstaller:profileinstaller:1.3.0] AndroidManifest.xml:40:13-42:29
127                <action android:name="androidx.profileinstaller.action.INSTALL_PROFILE" />
127-->[androidx.profileinstaller:profileinstaller:1.3.0] AndroidManifest.xml:41:17-91
127-->[androidx.profileinstaller:profileinstaller:1.3.0] AndroidManifest.xml:41:25-88
128            </intent-filter>
129            <intent-filter>
129-->[androidx.profileinstaller:profileinstaller:1.3.0] AndroidManifest.xml:43:13-45:29
130                <action android:name="androidx.profileinstaller.action.SKIP_FILE" />
130-->[androidx.profileinstaller:profileinstaller:1.3.0] AndroidManifest.xml:44:17-85
130-->[androidx.profileinstaller:profileinstaller:1.3.0] AndroidManifest.xml:44:25-82
131            </intent-filter>
132            <intent-filter>
132-->[androidx.profileinstaller:profileinstaller:1.3.0] AndroidManifest.xml:46:13-48:29
133                <action android:name="androidx.profileinstaller.action.SAVE_PROFILE" />
133-->[androidx.profileinstaller:profileinstaller:1.3.0] AndroidManifest.xml:47:17-88
133-->[androidx.profileinstaller:profileinstaller:1.3.0] AndroidManifest.xml:47:25-85
134            </intent-filter>
135            <intent-filter>
135-->[androidx.profileinstaller:profileinstaller:1.3.0] AndroidManifest.xml:49:13-51:29
136                <action android:name="androidx.profileinstaller.action.BENCHMARK_OPERATION" />
136-->[androidx.profileinstaller:profileinstaller:1.3.0] AndroidManifest.xml:50:17-95
136-->[androidx.profileinstaller:profileinstaller:1.3.0] AndroidManifest.xml:50:25-92
137            </intent-filter>
138        </receiver>
139    </application>
140
141</manifest>